Navigating to https://apextraderfunding.com/payouts?p=1
No table found on page 1
Navigating to https://apextraderfunding.com/payouts?p=2
No table found on page 2
Navigating to https://apextraderfunding.com/payouts?p=3
No table found on page 3
Navigating to https://apextraderfunding.com/payouts?p=4
No table found on page 4
Navigating to https://apextraderfunding.com/payouts?p=5
No table found on page 5
Navigating to https://apextraderfunding.com/payouts?p=6
No table found on page 6
Navigating to https://apextraderfunding.com/payouts?p=7
No table found on page 7
Navigating to https://apextraderfunding.com/payouts?p=8
Error during scraping: Error: Attempted to use detached Frame '4E8A13C9FA33426F9C5EF5C0AAE9F070'.
    at CdpFrame.<anonymous> (/Users/ahmetsoybelli/Desktop/pupeteer/node_modules/puppeteer-core/lib/cjs/puppeteer/util/decorators.js:96:23)
    at CdpPage.evaluate (/Users/ahmetsoybelli/Desktop/pupeteer/node_modules/puppeteer-core/lib/cjs/puppeteer/api/Page.js:826:43)
    at extractTable (/Users/ahmetsoybelli/Desktop/pupeteer/scrape_payouts.js:25:15)
    at run (/Users/ahmetsoybelli/Desktop/pupeteer/scrape_payouts.js:79:39)
